
> matx-react@3.0.0 start
> react-scripts start

[34mℹ[39m [90m｢wds｣[39m: Project is running at http://10.90.249.166/
[34mℹ[39m [90m｢wds｣[39m: webpack output is served from 
[34mℹ[39m [90m｢wds｣[39m: Content not from webpack is served from /Users/hhuy/Documents/web-technology-project/frontend/public
[34mℹ[39m [90m｢wds｣[39m: 404s will fallback to /
Starting the development server...

Compiled with warnings.

src/app/views/students/StudentAppDialog.jsx
  Line 6:10:  'useEffect' is defined but never used  no-unused-vars

src/app/views/students/StudentConfirmRoomDialog.jsx
  Line 29:6:  React Hook useLayoutEffect has a missing dependency: 'onClose'. Either include it or remove the dependency array  react-hooks/exhaustive-deps

Search for the keywords to learn more about each warning.
To ignore, add // eslint-disable-next-line to the line before.

Compiling...
Compiled with warnings.

src/app/views/students/StudentAppDialog.jsx
  Line 6:10:  'useEffect' is defined but never used  no-unused-vars

src/app/views/students/StudentConfirmRoomDialog.jsx
  Line 29:6:  React Hook useLayoutEffect has a missing dependency: 'onClose'. Either include it or remove the dependency array  react-hooks/exhaustive-deps

Search for the keywords to learn more about each warning.
To ignore, add // eslint-disable-next-line to the line before.

Compiling...
Compiled with warnings.

src/app/views/students/StudentAppDialog.jsx
  Line 6:10:  'useEffect' is defined but never used  no-unused-vars

src/app/views/students/StudentConfirmRoomDialog.jsx
  Line 29:6:  React Hook useLayoutEffect has a missing dependency: 'onClose'. Either include it or remove the dependency array  react-hooks/exhaustive-deps

Search for the keywords to learn more about each warning.
To ignore, add // eslint-disable-next-line to the line before.

Compiling...
Compiled with warnings.

src/app/views/students/StudentAppDialog.jsx
  Line 6:10:  'useEffect' is defined but never used  no-unused-vars

src/app/views/students/StudentConfirmRoomDialog.jsx
  Line 29:6:  React Hook useLayoutEffect has a missing dependency: 'onClose'. Either include it or remove the dependency array  react-hooks/exhaustive-deps

Search for the keywords to learn more about each warning.
To ignore, add // eslint-disable-next-line to the line before.

Compiling...
Compiled with warnings.

src/app/views/students/StudentAppDialog.jsx
  Line 6:10:  'useEffect' is defined but never used  no-unused-vars

src/app/views/students/StudentConfirmRoomDialog.jsx
  Line 29:6:  React Hook useLayoutEffect has a missing dependency: 'onClose'. Either include it or remove the dependency array  react-hooks/exhaustive-deps

Search for the keywords to learn more about each warning.
To ignore, add // eslint-disable-next-line to the line before.

